<?xml version="1.0" encoding="UTF-8"?>
<!-- Generated by org.testng.reporters.JUnitReportReporter -->
<testsuite hostname="Menys-MacBook-Pro.local" name="Native.SanityAndroid" tests="1" failures="0" timestamp="28 May 2017 11:25:05 GMT" time="169.191" errors="0">
  <testcase name="JTR_Same_Report" time="169.191" classname="Native.SanityAndroid"/>
</testsuite> <!-- Native.SanityAndroid -->
