<?xml version="1.0" encoding="UTF-8"?>
<!-- Generated by org.testng.reporters.JUnitReportReporter -->
<testsuite hostname="SGMacBookPROs-MacBook-Pro.local" name="Native.SendReport" tests="1" failures="0" timestamp="31 Aug 2015 12:54:51 GMT" time="9.807" errors="0">
  <testcase name="sendMail" time="9.807" classname="Native.SendReport"/>
</testsuite> <!-- Native.SendReport -->
