<?xml version="1.0" encoding="UTF-8"?>
<!-- Generated by org.testng.reporters.JUnitReportReporter -->
<testsuite hostname="SGMacBookPROs-MacBook-Pro.local" name="Native.SanityIos" tests="1" failures="0" timestamp="10 Sep 2015 18:39:15 GMT" time="263.899" errors="0">
  <testcase name="actionsGrid_FreeText_SimpleList_DataItem" time="263.899" classname="Native.SanityIos"/>
</testsuite> <!-- Native.SanityIos -->
