<?xml version="1.0" encoding="UTF-8"?>
<!-- Generated by org.testng.reporters.JUnitReportReporter -->
<testsuite hostname="Menys-MacBook-Pro.local" name="Native.SanityAndroid" tests="1" failures="0" timestamp="23 May 2017 20:39:44 GMT" time="214.889" errors="0">
  <testcase name="Actions_List_Row_Popup" time="214.889" classname="Native.SanityAndroid"/>
</testsuite> <!-- Native.SanityAndroid -->
