<?xml version="1.0" encoding="UTF-8"?>
<!-- Generated by org.testng.reporters.JUnitReportReporter -->
<testsuite hostname="SGMacBookPROs-MacBook-Pro.local" name="Native.SanityIos" tests="3" failures="0" timestamp="5 Aug 2015 19:27:16 GMT" time="420.271" errors="3">
  <testcase name="loginSample" time="170.258" classname="Native.SanityIos">
    <error type="com.applitools.eyes.TestFailedException" message="&#039;Dashboard Tab&#039; of &#039;iOS_SG&#039;. See details at https://eyes.applitools.com/app/sessions/251963498169580">
      <![CDATA[com.applitools.eyes.TestFailedException: 'Dashboard Tab' of 'iOS_SG'. See details at https://eyes.applitools.com/app/sessions/251963498169580
	at com.applitools.eyes.EyesBase.close(EyesBase.java:504)
	at com.applitools.eyes.Eyes.close(Eyes.java:22)
	at com.applitools.eyes.EyesBase.close(EyesBase.java:444)
	at com.applitools.eyes.Eyes.close(Eyes.java:22)
	at Native.IosMethods.eyesCheckWindow(IosMethods.java:73)
	at Native.SanityIos.loginSample(SanityIos.java:128)
	at sun.reflect.NativeMethodAccessorImpl.invoke0(Native Method)
	at sun.reflect.NativeMethodAccessorImpl.invoke(NativeMethodAccessorImpl.java:62)
	at sun.reflect.DelegatingMethodAccessorImpl.invoke(DelegatingMethodAccessorImpl.java:43)
	at java.lang.reflect.Method.invoke(Method.java:497)
	at org.testng.internal.MethodInvocationHelper.invokeMethod(MethodInvocationHelper.java:84)
	at org.testng.internal.Invoker.invokeMethod(Invoker.java:714)
	at org.testng.internal.Invoker.retryFailed(Invoker.java:1049)
	at org.testng.internal.Invoker.invokeTestMethods(Invoker.java:1254)
	at org.testng.internal.TestMethodWorker.invokeTestMethods(TestMethodWorker.java:127)
	at org.testng.internal.TestMethodWorker.run(TestMethodWorker.java:111)
	at org.testng.TestRunner.privateRun(TestRunner.java:767)
	at org.testng.TestRunner.run(TestRunner.java:617)
	at org.testng.SuiteRunner.runTest(SuiteRunner.java:334)
	at org.testng.SuiteRunner.runSequentially(SuiteRunner.java:329)
	at org.testng.SuiteRunner.privateRun(SuiteRunner.java:291)
	at org.testng.SuiteRunner.run(SuiteRunner.java:240)
	at org.testng.SuiteRunnerWorker.runSuite(SuiteRunnerWorker.java:52)
	at org.testng.SuiteRunnerWorker.run(SuiteRunnerWorker.java:86)
	at org.testng.TestNG.runSuitesSequentially(TestNG.java:1224)
	at org.testng.TestNG.runSuitesLocally(TestNG.java:1149)
	at org.testng.TestNG.run(TestNG.java:1057)
	at org.testng.remote.RemoteTestNG.run(RemoteTestNG.java:111)
	at org.testng.remote.RemoteTestNG.initAndRun(RemoteTestNG.java:204)
	at org.testng.remote.RemoteTestNG.main(RemoteTestNG.java:175)
]]>
    </error>
  </testcase> <!-- loginSample -->
  <testcase name="loginSample" time="179.731" classname="Native.SanityIos">
    <error type="com.applitools.eyes.NewTestException" message="&#039;World wide orders Tab&#039; of &#039;iOS_SG&#039;. Please approve the new baseline at https://eyes.applitools.com/app/sessions/251963497980645">
      <![CDATA[com.applitools.eyes.NewTestException: 'World wide orders Tab' of 'iOS_SG'. Please approve the new baseline at https://eyes.applitools.com/app/sessions/251963497980645
	at com.applitools.eyes.EyesBase.close(EyesBase.java:521)
	at com.applitools.eyes.Eyes.close(Eyes.java:22)
	at com.applitools.eyes.EyesBase.close(EyesBase.java:444)
	at com.applitools.eyes.Eyes.close(Eyes.java:22)
	at Native.IosMethods.eyesCheckWindow(IosMethods.java:73)
	at Native.SanityIos.loginSample(SanityIos.java:130)
	at sun.reflect.NativeMethodAccessorImpl.invoke0(Native Method)
	at sun.reflect.NativeMethodAccessorImpl.invoke(NativeMethodAccessorImpl.java:62)
	at sun.reflect.DelegatingMethodAccessorImpl.invoke(DelegatingMethodAccessorImpl.java:43)
	at java.lang.reflect.Method.invoke(Method.java:497)
	at org.testng.internal.MethodInvocationHelper.invokeMethod(MethodInvocationHelper.java:84)
	at org.testng.internal.Invoker.invokeMethod(Invoker.java:714)
	at org.testng.internal.Invoker.retryFailed(Invoker.java:1049)
	at org.testng.internal.Invoker.invokeTestMethods(Invoker.java:1254)
	at org.testng.internal.TestMethodWorker.invokeTestMethods(TestMethodWorker.java:127)
	at org.testng.internal.TestMethodWorker.run(TestMethodWorker.java:111)
	at org.testng.TestRunner.privateRun(TestRunner.java:767)
	at org.testng.TestRunner.run(TestRunner.java:617)
	at org.testng.SuiteRunner.runTest(SuiteRunner.java:334)
	at org.testng.SuiteRunner.runSequentially(SuiteRunner.java:329)
	at org.testng.SuiteRunner.privateRun(SuiteRunner.java:291)
	at org.testng.SuiteRunner.run(SuiteRunner.java:240)
	at org.testng.SuiteRunnerWorker.runSuite(SuiteRunnerWorker.java:52)
	at org.testng.SuiteRunnerWorker.run(SuiteRunnerWorker.java:86)
	at org.testng.TestNG.runSuitesSequentially(TestNG.java:1224)
	at org.testng.TestNG.runSuitesLocally(TestNG.java:1149)
	at org.testng.TestNG.run(TestNG.java:1057)
	at org.testng.remote.RemoteTestNG.run(RemoteTestNG.java:111)
	at org.testng.remote.RemoteTestNG.initAndRun(RemoteTestNG.java:204)
	at org.testng.remote.RemoteTestNG.main(RemoteTestNG.java:175)
]]>
    </error>
  </testcase> <!-- loginSample -->
  <testcase name="loginSample" time="70.282" classname="Native.SanityIos">
    <error type="com.applitools.eyes.NewTestException" message="&#039;Dashboard Tab&#039; of &#039;iOS_SG&#039;. Please approve the new baseline at https://eyes.applitools.com/app/sessions/251963498330947">
      <![CDATA[com.applitools.eyes.NewTestException: 'Dashboard Tab' of 'iOS_SG'. Please approve the new baseline at https://eyes.applitools.com/app/sessions/251963498330947
	at com.applitools.eyes.EyesBase.close(EyesBase.java:521)
	at com.applitools.eyes.Eyes.close(Eyes.java:22)
	at com.applitools.eyes.EyesBase.close(EyesBase.java:444)
	at com.applitools.eyes.Eyes.close(Eyes.java:22)
	at Native.IosMethods.eyesCheckWindow(IosMethods.java:73)
	at Native.SanityIos.loginSample(SanityIos.java:128)
	at sun.reflect.NativeMethodAccessorImpl.invoke0(Native Method)
	at sun.reflect.NativeMethodAccessorImpl.invoke(NativeMethodAccessorImpl.java:62)
	at sun.reflect.DelegatingMethodAccessorImpl.invoke(DelegatingMethodAccessorImpl.java:43)
	at java.lang.reflect.Method.invoke(Method.java:497)
	at org.testng.internal.MethodInvocationHelper.invokeMethod(MethodInvocationHelper.java:84)
	at org.testng.internal.Invoker.invokeMethod(Invoker.java:714)
	at org.testng.internal.Invoker.invokeTestMethod(Invoker.java:901)
	at org.testng.internal.Invoker.invokeTestMethods(Invoker.java:1231)
	at org.testng.internal.TestMethodWorker.invokeTestMethods(TestMethodWorker.java:127)
	at org.testng.internal.TestMethodWorker.run(TestMethodWorker.java:111)
	at org.testng.TestRunner.privateRun(TestRunner.java:767)
	at org.testng.TestRunner.run(TestRunner.java:617)
	at org.testng.SuiteRunner.runTest(SuiteRunner.java:334)
	at org.testng.SuiteRunner.runSequentially(SuiteRunner.java:329)
	at org.testng.SuiteRunner.privateRun(SuiteRunner.java:291)
	at org.testng.SuiteRunner.run(SuiteRunner.java:240)
	at org.testng.SuiteRunnerWorker.runSuite(SuiteRunnerWorker.java:52)
	at org.testng.SuiteRunnerWorker.run(SuiteRunnerWorker.java:86)
	at org.testng.TestNG.runSuitesSequentially(TestNG.java:1224)
	at org.testng.TestNG.runSuitesLocally(TestNG.java:1149)
	at org.testng.TestNG.run(TestNG.java:1057)
	at org.testng.remote.RemoteTestNG.run(RemoteTestNG.java:111)
	at org.testng.remote.RemoteTestNG.initAndRun(RemoteTestNG.java:204)
	at org.testng.remote.RemoteTestNG.main(RemoteTestNG.java:175)
]]>
    </error>
  </testcase> <!-- loginSample -->
</testsuite> <!-- Native.SanityIos -->
