<?xml version="1.0" encoding="UTF-8"?>
<!-- Generated by org.testng.reporters.JUnitReportReporter -->
<testsuite hostname="SGMacBookPROs-MacBook-Pro.local" name="Native.SanityAndroid" tests="1" failures="0" timestamp="8 Apr 2015 07:33:32 GMT" time="56.533" errors="0">
  <testcase name="forgotYourPassword" time="56.533" classname="Native.SanityAndroid"/>
</testsuite> <!-- Native.SanityAndroid -->
