<?xml version="1.0" encoding="UTF-8"?>
<!-- Generated by org.testng.reporters.JUnitReportReporter -->
<testsuite hostname="Menys-MacBook-Pro.local" name="Native.SanityAndroid" tests="1" failures="0" timestamp="26 Sep 2017 08:14:01 GMT" time="208.439" errors="0">
  <testcase name="actions_Grid_One_Layer_Row" time="208.439" classname="Native.SanityAndroid"/>
</testsuite> <!-- Native.SanityAndroid -->
