<?xml version="1.0" encoding="UTF-8"?>
<!-- Generated by org.testng.reporters.JUnitReportReporter -->
<testsuite hostname="SGMacBookPROs-MacBook-Pro.local" name="Native.SanityAndroid" tests="1" failures="0" timestamp="6 Apr 2015 16:21:17 GMT" time="125.235" errors="0">
  <testcase name="badCredentials" time="125.235" classname="Native.SanityAndroid"/>
</testsuite> <!-- Native.SanityAndroid -->
