<?xml version="1.0" encoding="UTF-8"?>
<!-- Generated by org.testng.reporters.JUnitReportReporter -->
<testsuite hostname="SGMacBookPROs-MacBook-Pro.local" name="Native.SanityIos" tests="1" failures="0" timestamp="6 Aug 2015 11:40:56 GMT" time="5.519" errors="0">
  <testcase name="actions" time="5.519" classname="Native.SanityIos"/>
</testsuite> <!-- Native.SanityIos -->
