<?xml version="1.0" encoding="UTF-8"?>
<!-- Generated by org.testng.reporters.JUnitReportReporter -->
<testsuite hostname="Menys-MacBook-Pro.local" name="Native.SanityAndroid" tests="2" failures="0" timestamp="25 May 2017 08:21:46 GMT" time="395.503" errors="0">
  <testcase name="Actions_Grid_One_Layer_Row" time="154.861" classname="Native.SanityAndroid"/>
  <testcase name="Actions_List_Cell" time="240.642" classname="Native.SanityAndroid"/>
</testsuite> <!-- Native.SanityAndroid -->
