<?xml version="1.0" encoding="UTF-8"?>
<!-- Generated by org.testng.reporters.JUnitReportReporter -->
<testsuite hostname="SGMacBookPROs-MacBook-Pro.local" name="Native.SendReport" tests="1" failures="0" timestamp="1 Sep 2015 14:05:16 GMT" time="3.513" errors="0">
  <testcase name="sendMail" time="3.513" classname="Native.SendReport"/>
</testsuite> <!-- Native.SendReport -->
