<?xml version="1.0" encoding="UTF-8"?>
<!-- Generated by org.testng.reporters.JUnitReportReporter -->
<testsuite hostname="SGMacBookPROs-MacBook-Pro.local" name="Native.SanityIos" tests="1" failures="1" timestamp="23 Jul 2015 06:26:38 GMT" time="0.002" errors="0">
  <testcase name="loginSample" time="0.002" classname="Native.SanityIos">
    <failure type="java.lang.AssertionError" message="//UIAApplication[1]/UIAWindow[1]/UIATextField[1] didn&#039;t display">
      <![CDATA[java.lang.AssertionError: //UIAApplication[1]/UIAWindow[1]/UIATextField[1] didn't display
	at org.testng.Assert.fail(Assert.java:94)
	at Native.IosMethods.returnXpth(IosMethods.java:277)
	at Native.IosMethods.cleanLoginIos(IosMethods.java:53)
	at Native.SanityIos.setupBeforeSuite(SanityIos.java:50)
	at sun.reflect.NativeMethodAccessorImpl.invoke0(Native Method)
	at sun.reflect.NativeMethodAccessorImpl.invoke(NativeMethodAccessorImpl.java:62)
	at sun.reflect.DelegatingMethodAccessorImpl.invoke(DelegatingMethodAccessorImpl.java:43)
	at java.lang.reflect.Method.invoke(Method.java:497)
	at org.testng.internal.MethodInvocationHelper.invokeMethod(MethodInvocationHelper.java:84)
	at org.testng.internal.Invoker.invokeConfigurationMethod(Invoker.java:564)
	at org.testng.internal.Invoker.invokeConfigurations(Invoker.java:213)
	at org.testng.internal.Invoker.invokeConfigurations(Invoker.java:138)
	at org.testng.SuiteRunner.privateRun(SuiteRunner.java:277)
	at org.testng.SuiteRunner.run(SuiteRunner.java:240)
	at org.testng.SuiteRunnerWorker.runSuite(SuiteRunnerWorker.java:52)
	at org.testng.SuiteRunnerWorker.run(SuiteRunnerWorker.java:86)
	at org.testng.TestNG.runSuitesSequentially(TestNG.java:1224)
	at org.testng.TestNG.runSuitesLocally(TestNG.java:1149)
	at org.testng.TestNG.run(TestNG.java:1057)
	at org.testng.remote.RemoteTestNG.run(RemoteTestNG.java:111)
	at org.testng.remote.RemoteTestNG.initAndRun(RemoteTestNG.java:204)
	at org.testng.remote.RemoteTestNG.main(RemoteTestNG.java:175)
]]>
    </failure>
  </testcase> <!-- loginSample -->
</testsuite> <!-- Native.SanityIos -->
