<?xml version="1.0" encoding="UTF-8"?>
<!-- Generated by org.testng.reporters.JUnitReportReporter -->
<testsuite hostname="SGMacBookPROs-MacBook-Pro.local" name="Native.SanityIos" tests="2" failures="2" timestamp="17 Sep 2015 18:09:56 GMT" time="14690.046" errors="0">
  <testcase name="sampleAplicationDashboard" time="14690.045" classname="Native.SanityIos">
    <failure type="org.openqa.selenium.remote.UnreachableBrowserException" message="Error communicating with the remote browser. It may have died.
Build info: version: &#039;2.44.0&#039;, revision: &#039;76d78cf323ce037c5f92db6c1bba601c2ac43ad8&#039;, time: &#039;2014-10-23 13:11:40&#039;
System info: host: &#039;SGMacBookPROs-MacBook-Pro.local&#039;, ip: &#039;192.168.1.102&#039;, os.name: &#039;Mac OS X&#039;, os.arch: &#039;x86_64&#039;, os.version: &#039;10.10.5&#039;, java.version: &#039;1.8.0_40&#039;
Driver info: driver.version: EyesWebDriver">
      <![CDATA[org.openqa.selenium.remote.UnreachableBrowserException: Error communicating with the remote browser. It may have died.
Build info: version: '2.44.0', revision: '76d78cf323ce037c5f92db6c1bba601c2ac43ad8', time: '2014-10-23 13:11:40'
System info: host: 'SGMacBookPROs-MacBook-Pro.local', ip: '192.168.1.102', os.name: 'Mac OS X', os.arch: 'x86_64', os.version: '10.10.5', java.version: '1.8.0_40'
Driver info: driver.version: EyesWebDriver
	at org.openqa.selenium.remote.RemoteWebDriver.execute(RemoteWebDriver.java:593)
	at io.appium.java_client.DefaultGenericMobileDriver.execute(DefaultGenericMobileDriver.java:27)
	at io.appium.java_client.AppiumDriver.execute(AppiumDriver.java:272)
	at org.openqa.selenium.remote.RemoteWebDriver.getScreenshotAs(RemoteWebDriver.java:324)
	at com.applitools.eyes.EyesWebDriver.getScreenshotAs(EyesWebDriver.java:772)
	at com.applitools.eyes.Eyes.getScreenshot(Eyes.java:1119)
	at com.applitools.eyes.EyesBase.getAppOutputWithScreenshot(EyesBase.java:1085)
	at com.applitools.eyes.EyesBase.access$000(EyesBase.java:18)
	at com.applitools.eyes.EyesBase$1.getAppOutput(EyesBase.java:745)
	at com.applitools.eyes.MatchWindowTask.matchWindow(MatchWindowTask.java:140)
	at com.applitools.eyes.EyesBase.checkWindowBase(EyesBase.java:753)
	at com.applitools.eyes.Eyes.checkWindow(Eyes.java:192)
	at com.applitools.eyes.Eyes.checkWindow(Eyes.java:168)
	at Native.IosMethods.eyesCheckWindow(IosMethods.java:92)
	at Native.SanityIos.sampleAplicationDashboard(SanityIos.java:343)
	at sun.reflect.NativeMethodAccessorImpl.invoke0(Native Method)
	at sun.reflect.NativeMethodAccessorImpl.invoke(NativeMethodAccessorImpl.java:62)
	at sun.reflect.DelegatingMethodAccessorImpl.invoke(DelegatingMethodAccessorImpl.java:43)
	at java.lang.reflect.Method.invoke(Method.java:497)
	at org.testng.internal.MethodInvocationHelper.invokeMethod(MethodInvocationHelper.java:84)
	at org.testng.internal.Invoker.invokeMethod(Invoker.java:714)
	at org.testng.internal.Invoker.invokeTestMethod(Invoker.java:901)
	at org.testng.internal.Invoker.invokeTestMethods(Invoker.java:1231)
	at org.testng.internal.TestMethodWorker.invokeTestMethods(TestMethodWorker.java:127)
	at org.testng.internal.TestMethodWorker.run(TestMethodWorker.java:111)
	at org.testng.TestRunner.privateRun(TestRunner.java:767)
	at org.testng.TestRunner.run(TestRunner.java:617)
	at org.testng.SuiteRunner.runTest(SuiteRunner.java:334)
	at org.testng.SuiteRunner.runSequentially(SuiteRunner.java:329)
	at org.testng.SuiteRunner.privateRun(SuiteRunner.java:291)
	at org.testng.SuiteRunner.run(SuiteRunner.java:240)
	at org.testng.SuiteRunnerWorker.runSuite(SuiteRunnerWorker.java:52)
	at org.testng.SuiteRunnerWorker.run(SuiteRunnerWorker.java:86)
	at org.testng.TestNG.runSuitesSequentially(TestNG.java:1224)
	at org.testng.TestNG.runSuitesLocally(TestNG.java:1149)
	at org.testng.TestNG.run(TestNG.java:1057)
	at org.testng.remote.RemoteTestNG.run(RemoteTestNG.java:111)
	at org.testng.remote.RemoteTestNG.initAndRun(RemoteTestNG.java:204)
	at org.testng.remote.RemoteTestNG.main(RemoteTestNG.java:175)
Caused by: org.apache.http.NoHttpResponseException: 127.0.0.1:4723 failed to respond
	at org.apache.http.impl.conn.DefaultHttpResponseParser.parseHead(DefaultHttpResponseParser.java:143)
	at org.apache.http.impl.conn.DefaultHttpResponseParser.parseHead(DefaultHttpResponseParser.java:57)
	at org.apache.http.impl.io.AbstractMessageParser.parse(AbstractMessageParser.java:261)
	at org.apache.http.impl.DefaultBHttpClientConnection.receiveResponseHeader(DefaultBHttpClientConnection.java:165)
	at org.apache.http.impl.conn.CPoolProxy.receiveResponseHeader(CPoolProxy.java:167)
	at org.apache.http.protocol.HttpRequestExecutor.doReceiveResponse(HttpRequestExecutor.java:272)
	at org.apache.http.protocol.HttpRequestExecutor.execute(HttpRequestExecutor.java:124)
	at org.apache.http.impl.execchain.MainClientExec.execute(MainClientExec.java:271)
	at org.apache.http.impl.execchain.ProtocolExec.execute(ProtocolExec.java:184)
	at org.apache.http.impl.execchain.RetryExec.execute(RetryExec.java:88)
	at org.apache.http.impl.execchain.RedirectExec.execute(RedirectExec.java:110)
	at org.apache.http.impl.client.InternalHttpClient.doExecute(InternalHttpClient.java:184)
	at org.apache.http.impl.client.CloseableHttpClient.execute(CloseableHttpClient.java:71)
	at org.apache.http.impl.client.CloseableHttpClient.execute(CloseableHttpClient.java:55)
	at org.openqa.selenium.remote.HttpCommandExecutor.fallBackExecute(HttpCommandExecutor.java:233)
	at org.openqa.selenium.remote.HttpCommandExecutor.execute(HttpCommandExecutor.java:184)
	at org.openqa.selenium.remote.RemoteWebDriver.execute(RemoteWebDriver.java:572)
	... 38 more
]]>
    </failure>
  </testcase> <!-- sampleAplicationDashboard -->
  <testcase name="sampleAplicationDashboard" time="0.001" classname="Native.SanityIos">
    <failure type="org.openqa.selenium.SessionNotCreatedException" message="A new session could not be created. (Original error: Command failed: /bin/sh -c ideviceinstaller -u dc87ff52b20857e60a521f18599db44338eaf5cc -i /Users/sgmacbookpro/Appium/iOS/SkyGiraffe.app
No iOS device found, is it plugged in?
) (WARNING: The server did not provide any stacktrace information)
Command duration or timeout: 3.43 seconds
Build info: version: &#039;2.44.0&#039;, revision: &#039;76d78cf323ce037c5f92db6c1bba601c2ac43ad8&#039;, time: &#039;2014-10-23 13:11:40&#039;
System info: host: &#039;SGMacBookPROs-MacBook-Pro.local&#039;, ip: &#039;192.168.1.102&#039;, os.name: &#039;Mac OS X&#039;, os.arch: &#039;x86_64&#039;, os.version: &#039;10.10.5&#039;, java.version: &#039;1.8.0_40&#039;
Driver info: io.appium.java_client.ios.IOSDriver">
      <![CDATA[org.openqa.selenium.SessionNotCreatedException: A new session could not be created. (Original error: Command failed: /bin/sh -c ideviceinstaller -u dc87ff52b20857e60a521f18599db44338eaf5cc -i /Users/sgmacbookpro/Appium/iOS/SkyGiraffe.app
No iOS device found, is it plugged in?
) (WARNING: The server did not provide any stacktrace information)
Command duration or timeout: 3.43 seconds
Build info: version: '2.44.0', revision: '76d78cf323ce037c5f92db6c1bba601c2ac43ad8', time: '2014-10-23 13:11:40'
System info: host: 'SGMacBookPROs-MacBook-Pro.local', ip: '192.168.1.102', os.name: 'Mac OS X', os.arch: 'x86_64', os.version: '10.10.5', java.version: '1.8.0_40'
Driver info: io.appium.java_client.ios.IOSDriver
	at sun.reflect.NativeConstructorAccessorImpl.newInstance0(Native Method)
	at sun.reflect.NativeConstructorAccessorImpl.newInstance(NativeConstructorAccessorImpl.java:62)
	at sun.reflect.DelegatingConstructorAccessorImpl.newInstance(DelegatingConstructorAccessorImpl.java:45)
	at java.lang.reflect.Constructor.newInstance(Constructor.java:422)
	at org.openqa.selenium.remote.ErrorHandler.createThrowable(ErrorHandler.java:204)
	at org.openqa.selenium.remote.ErrorHandler.throwIfResponseFailed(ErrorHandler.java:156)
	at org.openqa.selenium.remote.RemoteWebDriver.execute(RemoteWebDriver.java:599)
	at io.appium.java_client.DefaultGenericMobileDriver.execute(DefaultGenericMobileDriver.java:27)
	at io.appium.java_client.AppiumDriver.execute(AppiumDriver.java:1)
	at io.appium.java_client.ios.IOSDriver.execute(IOSDriver.java:1)
	at org.openqa.selenium.remote.RemoteWebDriver.startSession(RemoteWebDriver.java:240)
	at org.openqa.selenium.remote.RemoteWebDriver.<init>(RemoteWebDriver.java:126)
	at org.openqa.selenium.remote.RemoteWebDriver.<init>(RemoteWebDriver.java:153)
	at io.appium.java_client.DefaultGenericMobileDriver.<init>(DefaultGenericMobileDriver.java:22)
	at io.appium.java_client.AppiumDriver.<init>(AppiumDriver.java:202)
	at io.appium.java_client.ios.IOSDriver.<init>(IOSDriver.java:37)
	at Native.IosMethods.setCapabilitiesIos(IosMethods.java:157)
	at Native.SanityIos.checkHomeScreen(SanityIos.java:99)
	at sun.reflect.NativeMethodAccessorImpl.invoke0(Native Method)
	at sun.reflect.NativeMethodAccessorImpl.invoke(NativeMethodAccessorImpl.java:62)
	at sun.reflect.DelegatingMethodAccessorImpl.invoke(DelegatingMethodAccessorImpl.java:43)
	at java.lang.reflect.Method.invoke(Method.java:497)
	at org.testng.internal.MethodInvocationHelper.invokeMethod(MethodInvocationHelper.java:84)
	at org.testng.internal.Invoker.invokeConfigurationMethod(Invoker.java:564)
	at org.testng.internal.Invoker.invokeConfigurations(Invoker.java:213)
	at org.testng.internal.Invoker.invokeMethod(Invoker.java:653)
	at org.testng.internal.Invoker.retryFailed(Invoker.java:1049)
	at org.testng.internal.Invoker.invokeTestMethods(Invoker.java:1254)
	at org.testng.internal.TestMethodWorker.invokeTestMethods(TestMethodWorker.java:127)
	at org.testng.internal.TestMethodWorker.run(TestMethodWorker.java:111)
	at org.testng.TestRunner.privateRun(TestRunner.java:767)
	at org.testng.TestRunner.run(TestRunner.java:617)
	at org.testng.SuiteRunner.runTest(SuiteRunner.java:334)
	at org.testng.SuiteRunner.runSequentially(SuiteRunner.java:329)
	at org.testng.SuiteRunner.privateRun(SuiteRunner.java:291)
	at org.testng.SuiteRunner.run(SuiteRunner.java:240)
	at org.testng.SuiteRunnerWorker.runSuite(SuiteRunnerWorker.java:52)
	at org.testng.SuiteRunnerWorker.run(SuiteRunnerWorker.java:86)
	at org.testng.TestNG.runSuitesSequentially(TestNG.java:1224)
	at org.testng.TestNG.runSuitesLocally(TestNG.java:1149)
	at org.testng.TestNG.run(TestNG.java:1057)
	at org.testng.remote.RemoteTestNG.run(RemoteTestNG.java:111)
	at org.testng.remote.RemoteTestNG.initAndRun(RemoteTestNG.java:204)
	at org.testng.remote.RemoteTestNG.main(RemoteTestNG.java:175)
]]>
    </failure>
  </testcase> <!-- sampleAplicationDashboard -->
</testsuite> <!-- Native.SanityIos -->
