<?xml version="1.0" encoding="UTF-8"?>
<!-- Generated by org.testng.reporters.JUnitReportReporter -->
<testsuite hostname="SGMacBookPROs-MacBook-Pro.local" name="Native.SanityIos" tests="1" failures="0" timestamp="3 Sep 2015 11:17:55 GMT" time="252.090" errors="0">
  <testcase name="actionsGridFreeText_SimpleList_DataItem" time="252.090" classname="Native.SanityIos"/>
</testsuite> <!-- Native.SanityIos -->
